#
# A fatal error has been detected by the Java Runtime Environment:
#
#  EXCEPTION_ACCESS_VIOLATION (0xc0000005) at pc=0x00007ffd288bb5c6, pid=13056, tid=16140
#
# JRE version: OpenJDK Runtime Environment Temurin-21.0.4+7 (21.0.4+7) (build 21.0.4+7-LTS)
# Java VM: OpenJDK 64-Bit Server VM Temurin-21.0.4+7 (21.0.4+7-LTS, mixed mode, sharing, tiered, compressed oops, compressed class ptrs, g1 gc, windows-amd64)
# Problematic frame:
# C  [awt.dll+0xdb5c6]
#
# No core dump will be written. Minidumps are not enabled by default on client versions of Windows
#
# If you would like to submit a bug report, please visit:
#   https://github.com/adoptium/adoptium-support/issues
# The crash happened outside the Java Virtual Machine in native code.
# See problematic frame for where to report the bug.
#

---------------  S U M M A R Y ------------

Command Line: -ea -agentlib:jdwp=transport=dt_shmem,address=javadebug -Dfile.encoding=UTF-8 bluej.runtime.ExecServer UTF-8

Host: 13th Gen Intel(R) Core(TM) i7-13700H, 20 cores, 15G,  Windows 11 , 64 bit Build 22621 (10.0.22621.3958)
Time: Thu Oct 10 23:46:30 2024 Eastern Daylight Time elapsed time: 21341.650771 seconds (0d 5h 55m 41s)

---------------  T H R E A D  ---------------

Current thread (0x000001ffe6014fd0):  JavaThread "AWT-EventQueue-0"        [_thread_in_native, id=16140, stack(0x000000f446000000,0x000000f446100000) (1024K)]

Stack: [0x000000f446000000,0x000000f446100000],  sp=0x000000f4460fed20,  free space=1019k
Native frames: (J=compiled Java code, j=interpreted, Vv=VM code, C=native code)
C  [awt.dll+0xdb5c6]

Java frames: (J=compiled Java code, j=interpreted, Vv=VM code)
j  sun.awt.Win32GraphicsDevice.initNativeScale(I)V+0 java.desktop@21.0.4
j  sun.awt.Win32GraphicsDevice.initScaleFactors()V+60 java.desktop@21.0.4
j  sun.awt.Win32GraphicsDevice.displayChanged()V+16 java.desktop@21.0.4
j  sun.awt.Win32GraphicsEnvironment.displayChanged()V+271 java.desktop@21.0.4
j  sun.awt.windows.WToolkit.lambda$displayChanged$4()V+15 java.desktop@21.0.4
j  sun.awt.windows.WToolkit$$Lambda+0x000001ffa206fa88.run()V+0 java.desktop@21.0.4
j  java.awt.event.InvocationEvent.dispatch()V+47 java.desktop@21.0.4
j  java.awt.EventQueue.dispatchEventImpl(Ljava/awt/AWTEvent;Ljava/lang/Object;)V+21 java.desktop@21.0.4
j  java.awt.EventQueue$4.run()Ljava/lang/Void;+32 java.desktop@21.0.4
j  java.awt.EventQueue$4.run()Ljava/lang/Object;+1 java.desktop@21.0.4
j  java.security.AccessController.executePrivileged(Ljava/security/PrivilegedAction;Ljava/security/AccessControlContext;Ljava/lang/Class;)Ljava/lang/Object;+29 java.base@21.0.4
j  java.security.AccessController.doPrivileged(Ljava/security/PrivilegedAction;Ljava/security/AccessControlContext;)Ljava/lang/Object;+13 java.base@21.0.4
j  java.security.ProtectionDomain$JavaSecurityAccessImpl.doIntersectionPrivilege(Ljava/security/PrivilegedAction;Ljava/security/AccessControlContext;Ljava/security/AccessControlContext;)Ljava/lang/Object;+18 java.base@21.0.4
j  java.awt.EventQueue.dispatchEvent(Ljava/awt/AWTEvent;)V+46 java.desktop@21.0.4
j  java.awt.EventDispatchThread.pumpOneEventForFilters(I)V+81 java.desktop@21.0.4
j  java.awt.EventDispatchThread.pumpEventsForFilter(ILjava/awt/Conditional;Ljava/awt/EventFilter;)V+35 java.desktop@21.0.4
j  java.awt.EventDispatchThread.pumpEventsForHierarchy(ILjava/awt/Conditional;Ljava/awt/Component;)V+11 java.desktop@21.0.4
j  java.awt.EventDispatchThread.pumpEvents(ILjava/awt/Conditional;)V+4 java.desktop@21.0.4
j  java.awt.EventDispatchThread.pumpEvents(Ljava/awt/Conditional;)V+3 java.desktop@21.0.4
j  java.awt.EventDispatchThread.run()V+9 java.desktop@21.0.4
v  ~StubRoutines::call_stub 0x000001ff8fa6100d

siginfo: EXCEPTION_ACCESS_VIOLATION (0xc0000005), reading address 0xffffffffffffffff


Registers:
RAX=0x9c03000000000000, RBX=0x000001ffe60c0fd0, RCX=0x9c03000000000000, RDX=0x0000000000000000
RSP=0x000000f4460fed20, RBP=0x000000f4460fee00, RSI=0x0000000000000000, RDI=0x0000000000000000
R8 =0x0000000000000001, R9 =0x00000007145c3b58, R10=0x000001ff8fa70787, R11=0x0000000000000100
R12=0x0000000000000000, R13=0x000001ffe2242098, R14=0x000000f4460fee28, R15=0x000001ffe6014fd0
RIP=0x00007ffd288bb5c6, EFLAGS=0x0000000000010202


Register to memory mapping:

RAX=0x9c03000000000000 is an unknown value
RBX=0x000001ffe60c0fd0 points into unknown readable memory: 0x000001ffe60987f0 | f0 87 09 e6 ff 01 00 00
RCX=0x9c03000000000000 is an unknown value
RDX=0x0 is null
RSP=0x000000f4460fed20 is pointing into the stack for thread: 0x000001ffe6014fd0
RBP=0x000000f4460fee00 is pointing into the stack for thread: 0x000001ffe6014fd0
RSI=0x0 is null
RDI=0x0 is null
R8 =0x0000000000000001 is an unknown value
R9 =0x00000007145c3b58 is an oop: java.lang.Class 
{0x00000007145c3b58} - klass: 'java/lang/Class'
 - ---- fields (total size 16 words):
 - private volatile transient 'classRedefinedCount' 'I' @12  0 (0x00000000)
 - injected 'klass' 'J' @16  2197446677144 (0x000001ffa2075298)
 - injected 'array_klass' 'J' @24  0 (0x0000000000000000)
 - injected 'oop_size' 'I' @32  16 (0x00000010)
 - injected 'static_oop_field_count' 'I' @36  0 (0x00000000)
 - private volatile transient 'cachedConstructor' 'Ljava/lang/reflect/Constructor;' @40  null (0x00000000)
 - private transient 'name' 'Ljava/lang/String;' @44  null (0x00000000)
 - private transient 'module' 'Ljava/lang/Module;' @48  a 'java/lang/Module'{0x0000000714dcf2f8} (0xe29b9e5f)
 - private final 'classLoader' 'Ljava/lang/ClassLoader;' @52  null (0x00000000)
 - private transient 'classData' 'Ljava/lang/Object;' @56  null (0x00000000)
 - private transient 'packageName' 'Ljava/lang/String;' @60  null (0x00000000)
 - private final 'componentType' 'Ljava/lang/Class;' @64  null (0x00000000)
 - private volatile transient 'reflectionData' 'Ljava/lang/ref/SoftReference;' @68  null (0x00000000)
 - private volatile transient 'genericInfo' 'Lsun/reflect/generics/repository/ClassRepository;' @72  null (0x00000000)
 - private volatile transient 'enumConstants' '[Ljava/lang/Object;' @76  null (0x00000000)
 - private volatile transient 'enumConstantDirectory' 'Ljava/util/Map;' @80  null (0x00000000)
 - private volatile transient 'annotationData' 'Ljava/lang/Class$AnnotationData;' @84  null (0x00000000)
 - private volatile transient 'annotationType' 'Lsun/reflect/annotation/AnnotationType;' @88  null (0x00000000)
 - transient 'classValueMap' 'Ljava/lang/ClassValue$ClassValueMap;' @92  null (0x00000000)
 - injected 'protection_domain' 'Ljava/lang/Object;' @96  null (0x00000000)
 - injected 'signers_name' 'Ljava/lang/Object;' @100  null (0x00000000)
 - injected 'source_file' 'Ljava/lang/Object;' @104  null (0x00000000)
 - signature: Lsun/awt/Win32GraphicsEnvironment;
 - ---- static fields (0):
 - static final 'debugScaleX' 'F' @112  -1.000000 (0xbf800000)
 - static final 'debugScaleY' 'F' @116  -1.000000 (0xbf800000)
 - private static volatile 'isDWMCompositionEnabled' 'Z' @120  true (0x01)
 - static final synthetic '$assertionsDisabled' 'Z' @121  true (0x01)
R10=0x000001ff8fa70787 is at code_begin+1927 in an Interpreter codelet
native method entry point (kind = native)  [0x000001ff8fa70000, 0x000001ff8fa71238]  4664 bytes
R11=0x0000000000000100 is an unknown value
R12=0x0 is null
R13={method} {0x000001ffe22420a0} 'initNativeScale' '(I)V' in 'sun/awt/Win32GraphicsDevice'
R14=0x000000f4460fee28 is pointing into the stack for thread: 0x000001ffe6014fd0
R15=0x000001ffe6014fd0 is a thread

Top of Stack: (sp=0x000000f4460fed20)
0x000000f4460fed20:   0000000000000000 0000000000000000
0x000000f4460fed30:   000001ffe60c0fd0 0000000000000000
0x000000f4460fed40:   000001ffe60c0fd0 00007ffd288bce02
0x000000f4460fed50:   00007ffd2891a848 000001ffe2242098
0x000000f4460fed60:   0000000000000000 00000007139527e0
0x000000f4460fed70:   000001ff8fa696b9 000001ff8fa707b6
0x000000f4460fed80:   000001ffe2242098 0000000000000000
0x000000f4460fed90:   0000000000000000 0000000000000001
0x000000f4460feda0:   000000f4460fee00 0000000000000001
0x000000f4460fedb0:   00000007139527f0 000000f4460fedb8
0x000000f4460fedc0:   0000000000000000 0000000000000005
0x000000f4460fedd0:   000001ffe22450d0 0000000000000000
0x000000f4460fede0:   00000007145c4858 000001ffe2242098
0x000000f4460fedf0:   0000000000000000 000000f4460fee20
0x000000f4460fee00:   000000f4460fee78 000001ff8fa691b4
0x000000f4460fee10:   0000000000000000 000001ff8fa6c6f7
0x000000f4460fee20:   0000000000000000 00000007145c64f8
0x000000f4460fee30:   000000f4460fee30 000001ffe22426ec
0x000000f4460fee40:   0000000000000002 000001ffe22450d0
0x000000f4460fee50:   0000000000000000 00000007145c4858
0x000000f4460fee60:   000001ffe2242738 000000f4460fee20
0x000000f4460fee70:   000000f4460fee88 000000f4460feed8
0x000000f4460fee80:   000001ff8fa691b4 00000007145c64f8
0x000000f4460fee90:   000000f4460fee90 000001ffe2243fb0
0x000000f4460feea0:   0000000000000003 000001ffe22450d0
0x000000f4460feeb0:   0000000000000000 00000007145c4858
0x000000f4460feec0:   000001ffe2243ff8 000000f4460fee88
0x000000f4460feed0:   000000f4460feef0 000000f4460fef40
0x000000f4460feee0:   000001ff8fa691b4 0000000000000000
0x000000f4460feef0:   00000007145c64f8 000000f4460feef8
0x000000f4460fef00:   000001ffe22332f7 0000000000000008
0x000000f4460fef10:   000001ffe22371c8 0000000000000000 

Instructions: (pc=0x00007ffd288bb5c6)
0x00007ffd288bb4c6:   00 68 00 00 00 0f 11 44 24 34 0f 11 44 24 44 0f
0x00007ffd288bb4d6:   11 44 24 54 0f 11 44 24 64 0f 11 44 24 74 0f 11
0x00007ffd288bb4e6:   84 24 84 00 00 00 89 84 24 94 00 00 00 c7 44 24
0x00007ffd288bb4f6:   30 68 00 00 00 48 8d 94 24 a0 00 00 00 48 8b cd
0x00007ffd288bb506:   ff 15 bc 88 06 00 85 c0 74 40 48 8d 54 24 30 48
0x00007ffd288bb516:   8b ce ff 15 aa 88 06 00 85 c0 74 2e 48 8d 54 24
0x00007ffd288bb526:   34 48 8d 8c 24 a4 00 00 00 ff 15 db 83 06 00 85
0x00007ffd288bb536:   c0 74 17 48 8d 54 24 44 48 8d 8c 24 b4 00 00 00
0x00007ffd288bb546:   ff 15 c4 83 06 00 85 c0 75 11 ff c7 3b 7b 0c 0f
0x00007ffd288bb556:   8c 15 ff ff ff 8b 3d 3f be 06 00 48 8b cb e8 a7
0x00007ffd288bb566:   c9 f4 ff 90 8b c7 48 8b 8c 24 10 01 00 00 48 33
0x00007ffd288bb576:   cc e8 54 02 01 00 4c 8d 9c 24 20 01 00 00 49 8b
0x00007ffd288bb586:   5b 18 49 8b 6b 20 49 8b 73 28 49 8b e3 5f c3 cc
0x00007ffd288bb596:   cc cc cc cc cc cc cc cc cc cc 48 8b 41 08 48 8b
0x00007ffd288bb5a6:   80 18 0c 00 00 c3 cc cc cc cc 48 8b 41 08 48 05
0x00007ffd288bb5b6:   00 04 00 00 c3 cc cc cc cc cc 40 53 48 83 ec 20
0x00007ffd288bb5c6:   83 79 50 00 48 8b d9 75 56 48 8b 49 28 4c 8d 44
0x00007ffd288bb5d6:   24 38 48 8d 54 24 30 c7 44 24 30 00 00 80 bf c7
0x00007ffd288bb5e6:   44 24 38 00 00 80 bf e8 be e1 00 00 f3 0f 10 54
0x00007ffd288bb5f6:   24 30 0f 57 c0 0f 2f d0 76 25 f3 0f 10 4c 24 38
0x00007ffd288bb606:   0f 2f c8 76 1a f3 0f 5e 15 f9 a6 02 00 f3 0f 5e
0x00007ffd288bb616:   0d f1 a6 02 00 f3 0f 11 53 48 f3 0f 11 4b 4c 48
0x00007ffd288bb626:   83 c4 20 5b c3 cc cc cc cc cc 48 89 5c 24 10 48
0x00007ffd288bb636:   89 74 24 18 48 89 7c 24 20 41 56 48 83 ec 40 48
0x00007ffd288bb646:   8b d9 48 83 79 18 00 75 14 b9 28 04 00 00 e8 97
0x00007ffd288bb656:   97 00 00 48 89 43 18 c7 00 28 00 00 00 48 8b 43
0x00007ffd288bb666:   18 33 ff 66 89 78 0e 48 8b 4b 28 e8 5a 03 00 00
0x00007ffd288bb676:   48 8b f0 ba 01 00 00 00 44 8b c2 48 8b c8 ff 15
0x00007ffd288bb686:   a6 7f 06 00 4c 8b f0 89 7c 24 30 48 8b 4b 18 48
0x00007ffd288bb696:   89 4c 24 28 48 89 7c 24 20 44 8d 4f 01 45 33 c0
0x00007ffd288bb6a6:   48 8b d0 48 8b ce ff 15 5e 80 06 00 48 8b 53 30
0x00007ffd288bb6b6:   48 8b 0b 83 79 04 08 0f 8e 01 02 00 00 f6 42 24 


Stack slot to memory mapping:

stack at sp + 0 slots: 0x0 is null
stack at sp + 1 slots: 0x0 is null
stack at sp + 2 slots: 0x000001ffe60c0fd0 points into unknown readable memory: 0x000001ffe60987f0 | f0 87 09 e6 ff 01 00 00
stack at sp + 3 slots: 0x0 is null
stack at sp + 4 slots: 0x000001ffe60c0fd0 points into unknown readable memory: 0x000001ffe60987f0 | f0 87 09 e6 ff 01 00 00
stack at sp + 5 slots: 0x00007ffd288bce02 awt.dll
stack at sp + 6 slots: 0x00007ffd2891a848 awt.dll
stack at sp + 7 slots: {method} {0x000001ffe22420a0} 'initNativeScale' '(I)V' in 'sun/awt/Win32GraphicsDevice'


---------------  P R O C E S S  ---------------

Threads class SMR info:
_java_thread_list=0x000001ffe60c5ed0, length=20, elements={
0x000001ffa092fba0, 0x000001ffa09309c0, 0x000001ffa09339f0, 0x000001ffa0936a90,
0x000001ffa0938910, 0x000001ffa0939370, 0x000001ffa0946b20, 0x000001ffa094b710,
0x000001ffa0cb5ad0, 0x000001ffa0cb9740, 0x000001ffa0cb9e80, 0x000001ffa0cc8ec0,
0x000001ffa0cd04f0, 0x000001ffe60b12b0, 0x000001ffe60b5200, 0x000001ffe60cd700,
0x000001fffe2d21c0, 0x000001ffa0d2e300, 0x000001ffe6014550, 0x000001ffe6014fd0
}

Java Threads: ( => current thread )
  0x000001ffa092fba0 JavaThread "Reference Handler"          daemon [_thread_blocked, id=26876, stack(0x000000f445800000,0x000000f445900000) (1024K)]
  0x000001ffa09309c0 JavaThread "Finalizer"                  daemon [_thread_blocked, id=25792, stack(0x000000f445900000,0x000000f445a00000) (1024K)]
  0x000001ffa09339f0 JavaThread "Signal Dispatcher"          daemon [_thread_blocked, id=3652, stack(0x000000f445a00000,0x000000f445b00000) (1024K)]
  0x000001ffa0936a90 JavaThread "Attach Listener"            daemon [_thread_blocked, id=4704, stack(0x000000f445b00000,0x000000f445c00000) (1024K)]
  0x000001ffa0938910 JavaThread "Service Thread"             daemon [_thread_blocked, id=18456, stack(0x000000f445c00000,0x000000f445d00000) (1024K)]
  0x000001ffa0939370 JavaThread "Monitor Deflation Thread"   daemon [_thread_blocked, id=27172, stack(0x000000f445d00000,0x000000f445e00000) (1024K)]
  0x000001ffa0946b20 JavaThread "C2 CompilerThread0"         daemon [_thread_blocked, id=7060, stack(0x000000f445e00000,0x000000f445f00000) (1024K)]
  0x000001ffa094b710 JavaThread "C1 CompilerThread0"         daemon [_thread_blocked, id=23952, stack(0x000000f445f00000,0x000000f446000000) (1024K)]
  0x000001ffa0cb5ad0 JavaThread "JDWP Transport Listener: dt_shmem" daemon [_thread_blocked, id=16428, stack(0x000000f446100000,0x000000f446200000) (1024K)]
  0x000001ffa0cb9740 JavaThread "JDWP Event Helper Thread"   daemon [_thread_blocked, id=22004, stack(0x000000f446200000,0x000000f446300000) (1024K)]
  0x000001ffa0cb9e80 JavaThread "JDWP Command Reader"        daemon [_thread_in_native, id=15976, stack(0x000000f446300000,0x000000f446400000) (1024K)]
  0x000001ffa0cc8ec0 JavaThread "Notification Thread"        daemon [_thread_blocked, id=20368, stack(0x000000f446400000,0x000000f446500000) (1024K)]
  0x000001ffa0cd04f0 JavaThread "Common-Cleaner"             daemon [_thread_blocked, id=5188, stack(0x000000f446500000,0x000000f446600000) (1024K)]
  0x000001ffe60b12b0 JavaThread "Java2D Disposer"            daemon [_thread_blocked, id=12628, stack(0x000000f446700000,0x000000f446800000) (1024K)]
  0x000001ffe60b5200 JavaThread "AWT-Windows"                daemon [_thread_in_native, id=25912, stack(0x000000f446900000,0x000000f446a00000) (1024K)]
  0x000001ffe60cd700 JavaThread "BlueJ worker thread"               [_thread_blocked, id=26188, stack(0x000000f446b00000,0x000000f446c00000) (1024K)]
  0x000001fffe2d21c0 JavaThread "DestroyJavaVM"                     [_thread_blocked, id=27088, stack(0x000000f445000000,0x000000f445100000) (1024K)]
  0x000001ffa0d2e300 JavaThread "main"                              [_thread_blocked, id=2424, stack(0x000000f444d00000,0x000000f444e00000) (1024K)]
  0x000001ffe6014550 JavaThread "AWT-Shutdown"                      [_thread_blocked, id=32172, stack(0x000000f444e00000,0x000000f444f00000) (1024K)]
=>0x000001ffe6014fd0 JavaThread "AWT-EventQueue-0"                  [_thread_in_native, id=16140, stack(0x000000f446000000,0x000000f446100000) (1024K)]
Total: 20

Other Threads:
  0x000001ffa09129e0 VMThread "VM Thread"                           [id=20276, stack(0x000000f445700000,0x000000f445800000) (1024K)]
  0x000001ffa08f7bc0 WatcherThread "VM Periodic Task Thread"        [id=22432, stack(0x000000f445600000,0x000000f445700000) (1024K)]
  0x000001ffffec4350 WorkerThread "GC Thread#0"                     [id=14880, stack(0x000000f445100000,0x000000f445200000) (1024K)]
  0x000001ffffed4e00 ConcurrentGCThread "G1 Main Marker"            [id=19896, stack(0x000000f445200000,0x000000f445300000) (1024K)]
  0x000001ffffed5900 WorkerThread "G1 Conc#0"                       [id=15048, stack(0x000000f445300000,0x000000f445400000) (1024K)]
  0x000001ffa07c9ee0 ConcurrentGCThread "G1 Refine#0"               [id=4632, stack(0x000000f445400000,0x000000f445500000) (1024K)]
  0x000001ffa07caa50 ConcurrentGCThread "G1 Service"                [id=15456, stack(0x000000f445500000,0x000000f445600000) (1024K)]
Total: 7

Threads with active compile tasks:
Total: 0

VM state: not at safepoint (normal execution)

VM Mutex/Monitor currently owned by a thread: None

Heap address: 0x0000000705200000, size: 4014 MB, Compressed Oops mode: Zero based, Oop shift amount: 3

CDS archive(s) mapped at: [0x000001ffa1000000-0x000001ffa1c90000-0x000001ffa1c90000), size 13172736, SharedBaseAddress: 0x000001ffa1000000, ArchiveRelocationMode: 1.
Compressed class space mapped at: 0x000001ffa2000000-0x000001ffe2000000, reserved size: 1073741824
Narrow klass base: 0x000001ffa1000000, Narrow klass shift: 0, Narrow klass range: 0x100000000

GC Precious Log:
 CardTable entry size: 512
 Card Set container configuration: InlinePtr #cards 4 size 8 Array Of Cards #cards 16 size 48 Howl #buckets 8 coarsen threshold 3686 Howl Bitmap #cards 512 size 80 coarsen threshold 460 Card regions per heap region 1 cards per card region 4096
 CPUs: 20 total, 20 available
 Memory: 16055M
 Large Page Support: Disabled
 NUMA Support: Disabled
 Compressed Oops: Enabled (Zero based)
 Heap Region Size: 2M
 Heap Min Capacity: 8M
 Heap Initial Capacity: 252M
 Heap Max Capacity: 4014M
 Pre-touch: Disabled
 Parallel Workers: 15
 Concurrent Workers: 4
 Concurrent Refinement Workers: 15
 Periodic GC: Disabled

Heap:
 garbage-first heap   total 258048K, used 20480K [0x0000000705200000, 0x0000000800000000)
  region size 2048K, 11 young (22528K), 0 survivors (0K)
 Metaspace       used 2812K, committed 2944K, reserved 1114112K
  class space    used 257K, committed 320K, reserved 1048576K

Heap Regions: E=young(eden), S=young(survivor), O=old, HS=humongous(starts), HC=humongous(continues), CS=collection set, F=free, TAMS=top-at-mark-start, PB=parsable bottom
|   0|0x0000000705200000, 0x0000000705200000, 0x0000000705400000|  0%| F|  |TAMS 0x0000000705200000| PB 0x0000000705200000| Untracked 
|   1|0x0000000705400000, 0x0000000705400000, 0x0000000705600000|  0%| F|  |TAMS 0x0000000705400000| PB 0x0000000705400000| Untracked 
|   2|0x0000000705600000, 0x0000000705600000, 0x0000000705800000|  0%| F|  |TAMS 0x0000000705600000| PB 0x0000000705600000| Untracked 
|   3|0x0000000705800000, 0x0000000705800000, 0x0000000705a00000|  0%| F|  |TAMS 0x0000000705800000| PB 0x0000000705800000| Untracked 
|   4|0x0000000705a00000, 0x0000000705a00000, 0x0000000705c00000|  0%| F|  |TAMS 0x0000000705a00000| PB 0x0000000705a00000| Untracked 
|   5|0x0000000705c00000, 0x0000000705c00000, 0x0000000705e00000|  0%| F|  |TAMS 0x0000000705c00000| PB 0x0000000705c00000| Untracked 
|   6|0x0000000705e00000, 0x0000000705e00000, 0x0000000706000000|  0%| F|  |TAMS 0x0000000705e00000| PB 0x0000000705e00000| Untracked 
|   7|0x0000000706000000, 0x0000000706000000, 0x0000000706200000|  0%| F|  |TAMS 0x0000000706000000| PB 0x0000000706000000| Untracked 
|   8|0x0000000706200000, 0x0000000706200000, 0x0000000706400000|  0%| F|  |TAMS 0x0000000706200000| PB 0x0000000706200000| Untracked 
|   9|0x0000000706400000, 0x0000000706400000, 0x0000000706600000|  0%| F|  |TAMS 0x0000000706400000| PB 0x0000000706400000| Untracked 
|  10|0x0000000706600000, 0x0000000706600000, 0x0000000706800000|  0%| F|  |TAMS 0x0000000706600000| PB 0x0000000706600000| Untracked 
|  11|0x0000000706800000, 0x0000000706800000, 0x0000000706a00000|  0%| F|  |TAMS 0x0000000706800000| PB 0x0000000706800000| Untracked 
|  12|0x0000000706a00000, 0x0000000706a00000, 0x0000000706c00000|  0%| F|  |TAMS 0x0000000706a00000| PB 0x0000000706a00000| Untracked 
|  13|0x0000000706c00000, 0x0000000706c00000, 0x0000000706e00000|  0%| F|  |TAMS 0x0000000706c00000| PB 0x0000000706c00000| Untracked 
|  14|0x0000000706e00000, 0x0000000706e00000, 0x0000000707000000|  0%| F|  |TAMS 0x0000000706e00000| PB 0x0000000706e00000| Untracked 
|  15|0x0000000707000000, 0x0000000707000000, 0x0000000707200000|  0%| F|  |TAMS 0x0000000707000000| PB 0x0000000707000000| Untracked 
|  16|0x0000000707200000, 0x0000000707200000, 0x0000000707400000|  0%| F|  |TAMS 0x0000000707200000| PB 0x0000000707200000| Untracked 
|  17|0x0000000707400000, 0x0000000707400000, 0x0000000707600000|  0%| F|  |TAMS 0x0000000707400000| PB 0x0000000707400000| Untracked 
|  18|0x0000000707600000, 0x0000000707600000, 0x0000000707800000|  0%| F|  |TAMS 0x0000000707600000| PB 0x0000000707600000| Untracked 
|  19|0x0000000707800000, 0x0000000707800000, 0x0000000707a00000|  0%| F|  |TAMS 0x0000000707800000| PB 0x0000000707800000| Untracked 
|  20|0x0000000707a00000, 0x0000000707a00000, 0x0000000707c00000|  0%| F|  |TAMS 0x0000000707a00000| PB 0x0000000707a00000| Untracked 
|  21|0x0000000707c00000, 0x0000000707c00000, 0x0000000707e00000|  0%| F|  |TAMS 0x0000000707c00000| PB 0x0000000707c00000| Untracked 
|  22|0x0000000707e00000, 0x0000000707e00000, 0x0000000708000000|  0%| F|  |TAMS 0x0000000707e00000| PB 0x0000000707e00000| Untracked 
|  23|0x0000000708000000, 0x0000000708000000, 0x0000000708200000|  0%| F|  |TAMS 0x0000000708000000| PB 0x0000000708000000| Untracked 
|  24|0x0000000708200000, 0x0000000708200000, 0x0000000708400000|  0%| F|  |TAMS 0x0000000708200000| PB 0x0000000708200000| Untracked 
|  25|0x0000000708400000, 0x0000000708400000, 0x0000000708600000|  0%| F|  |TAMS 0x0000000708400000| PB 0x0000000708400000| Untracked 
|  26|0x0000000708600000, 0x0000000708600000, 0x0000000708800000|  0%| F|  |TAMS 0x0000000708600000| PB 0x0000000708600000| Untracked 
|  27|0x0000000708800000, 0x0000000708800000, 0x0000000708a00000|  0%| F|  |TAMS 0x0000000708800000| PB 0x0000000708800000| Untracked 
|  28|0x0000000708a00000, 0x0000000708a00000, 0x0000000708c00000|  0%| F|  |TAMS 0x0000000708a00000| PB 0x0000000708a00000| Untracked 
|  29|0x0000000708c00000, 0x0000000708c00000, 0x0000000708e00000|  0%| F|  |TAMS 0x0000000708c00000| PB 0x0000000708c00000| Untracked 
|  30|0x0000000708e00000, 0x0000000708e00000, 0x0000000709000000|  0%| F|  |TAMS 0x0000000708e00000| PB 0x0000000708e00000| Untracked 
|  31|0x0000000709000000, 0x0000000709000000, 0x0000000709200000|  0%| F|  |TAMS 0x0000000709000000| PB 0x0000000709000000| Untracked 
|  32|0x0000000709200000, 0x0000000709200000, 0x0000000709400000|  0%| F|  |TAMS 0x0000000709200000| PB 0x0000000709200000| Untracked 
|  33|0x0000000709400000, 0x0000000709400000, 0x0000000709600000|  0%| F|  |TAMS 0x0000000709400000| PB 0x0000000709400000| Untracked 
|  34|0x0000000709600000, 0x0000000709600000, 0x0000000709800000|  0%| F|  |TAMS 0x0000000709600000| PB 0x0000000709600000| Untracked 
|  35|0x0000000709800000, 0x0000000709800000, 0x0000000709a00000|  0%| F|  |TAMS 0x0000000709800000| PB 0x0000000709800000| Untracked 
|  36|0x0000000709a00000, 0x0000000709a00000, 0x0000000709c00000|  0%| F|  |TAMS 0x0000000709a00000| PB 0x0000000709a00000| Untracked 
|  37|0x0000000709c00000, 0x0000000709c00000, 0x0000000709e00000|  0%| F|  |TAMS 0x0000000709c00000| PB 0x0000000709c00000| Untracked 
|  38|0x0000000709e00000, 0x0000000709e00000, 0x000000070a000000|  0%| F|  |TAMS 0x0000000709e00000| PB 0x0000000709e00000| Untracked 
|  39|0x000000070a000000, 0x000000070a000000, 0x000000070a200000|  0%| F|  |TAMS 0x000000070a000000| PB 0x000000070a000000| Untracked 
|  40|0x000000070a200000, 0x000000070a200000, 0x000000070a400000|  0%| F|  |TAMS 0x000000070a200000| PB 0x000000070a200000| Untracked 
|  41|0x000000070a400000, 0x000000070a400000, 0x000000070a600000|  0%| F|  |TAMS 0x000000070a400000| PB 0x000000070a400000| Untracked 
|  42|0x000000070a600000, 0x000000070a600000, 0x000000070a800000|  0%| F|  |TAMS 0x000000070a600000| PB 0x000000070a600000| Untracked 
|  43|0x000000070a800000, 0x000000070a800000, 0x000000070aa00000|  0%| F|  |TAMS 0x000000070a800000| PB 0x000000070a800000| Untracked 
|  44|0x000000070aa00000, 0x000000070aa00000, 0x000000070ac00000|  0%| F|  |TAMS 0x000000070aa00000| PB 0x000000070aa00000| Untracked 
|  45|0x000000070ac00000, 0x000000070ac00000, 0x000000070ae00000|  0%| F|  |TAMS 0x000000070ac00000| PB 0x000000070ac00000| Untracked 
|  46|0x000000070ae00000, 0x000000070ae00000, 0x000000070b000000|  0%| F|  |TAMS 0x000000070ae00000| PB 0x000000070ae00000| Untracked 
|  47|0x000000070b000000, 0x000000070b000000, 0x000000070b200000|  0%| F|  |TAMS 0x000000070b000000| PB 0x000000070b000000| Untracked 
|  48|0x000000070b200000, 0x000000070b200000, 0x000000070b400000|  0%| F|  |TAMS 0x000000070b200000| PB 0x000000070b200000| Untracked 
|  49|0x000000070b400000, 0x000000070b400000, 0x000000070b600000|  0%| F|  |TAMS 0x000000070b400000| PB 0x000000070b400000| Untracked 
|  50|0x000000070b600000, 0x000000070b600000, 0x000000070b800000|  0%| F|  |TAMS 0x000000070b600000| PB 0x000000070b600000| Untracked 
|  51|0x000000070b800000, 0x000000070b800000, 0x000000070ba00000|  0%| F|  |TAMS 0x000000070b800000| PB 0x000000070b800000| Untracked 
|  52|0x000000070ba00000, 0x000000070ba00000, 0x000000070bc00000|  0%| F|  |TAMS 0x000000070ba00000| PB 0x000000070ba00000| Untracked 
|  53|0x000000070bc00000, 0x000000070bc00000, 0x000000070be00000|  0%| F|  |TAMS 0x000000070bc00000| PB 0x000000070bc00000| Untracked 
|  54|0x000000070be00000, 0x000000070be00000, 0x000000070c000000|  0%| F|  |TAMS 0x000000070be00000| PB 0x000000070be00000| Untracked 
|  55|0x000000070c000000, 0x000000070c000000, 0x000000070c200000|  0%| F|  |TAMS 0x000000070c000000| PB 0x000000070c000000| Untracked 
|  56|0x000000070c200000, 0x000000070c200000, 0x000000070c400000|  0%| F|  |TAMS 0x000000070c200000| PB 0x000000070c200000| Untracked 
|  57|0x000000070c400000, 0x000000070c400000, 0x000000070c600000|  0%| F|  |TAMS 0x000000070c400000| PB 0x000000070c400000| Untracked 
|  58|0x000000070c600000, 0x000000070c600000, 0x000000070c800000|  0%| F|  |TAMS 0x000000070c600000| PB 0x000000070c600000| Untracked 
|  59|0x000000070c800000, 0x000000070c800000, 0x000000070ca00000|  0%| F|  |TAMS 0x000000070c800000| PB 0x000000070c800000| Untracked 
|  60|0x000000070ca00000, 0x000000070ca00000, 0x000000070cc00000|  0%| F|  |TAMS 0x000000070ca00000| PB 0x000000070ca00000| Untracked 
|  61|0x000000070cc00000, 0x000000070cc00000, 0x000000070ce00000|  0%| F|  |TAMS 0x000000070cc00000| PB 0x000000070cc00000| Untracked 
|  62|0x000000070ce00000, 0x000000070ce00000, 0x000000070d000000|  0%| F|  |TAMS 0x000000070ce00000| PB 0x000000070ce00000| Untracked 
|  63|0x000000070d000000, 0x000000070d000000, 0x000000070d200000|  0%| F|  |TAMS 0x000000070d000000| PB 0x000000070d000000| Untracked 
|  64|0x000000070d200000, 0x000000070d200000, 0x000000070d400000|  0%| F|  |TAMS 0x000000070d200000| PB 0x000000070d200000| Untracked 
|  65|0x000000070d400000, 0x000000070d400000, 0x000000070d600000|  0%| F|  |TAMS 0x000000070d400000| PB 0x000000070d400000| Untracked 
|  66|0x000000070d600000, 0x000000070d600000, 0x000000070d800000|  0%| F|  |TAMS 0x000000070d600000| PB 0x000000070d600000| Untracked 
|  67|0x000000070d800000, 0x000000070d800000, 0x000000070da00000|  0%| F|  |TAMS 0x000000070d800000| PB 0x000000070d800000| Untracked 
|  68|0x000000070da00000, 0x000000070da00000, 0x000000070dc00000|  0%| F|  |TAMS 0x000000070da00000| PB 0x000000070da00000| Untracked 
|  69|0x000000070dc00000, 0x000000070dc00000, 0x000000070de00000|  0%| F|  |TAMS 0x000000070dc00000| PB 0x000000070dc00000| Untracked 
|  70|0x000000070de00000, 0x000000070de00000, 0x000000070e000000|  0%| F|  |TAMS 0x000000070de00000| PB 0x000000070de00000| Untracked 
|  71|0x000000070e000000, 0x000000070e000000, 0x000000070e200000|  0%| F|  |TAMS 0x000000070e000000| PB 0x000000070e000000| Untracked 
|  72|0x000000070e200000, 0x000000070e200000, 0x000000070e400000|  0%| F|  |TAMS 0x000000070e200000| PB 0x000000070e200000| Untracked 
|  73|0x000000070e400000, 0x000000070e400000, 0x000000070e600000|  0%| F|  |TAMS 0x000000070e400000| PB 0x000000070e400000| Untracked 
|  74|0x000000070e600000, 0x000000070e600000, 0x000000070e800000|  0%| F|  |TAMS 0x000000070e600000| PB 0x000000070e600000| Untracked 
|  75|0x000000070e800000, 0x000000070e800000, 0x000000070ea00000|  0%| F|  |TAMS 0x000000070e800000| PB 0x000000070e800000| Untracked 
|  76|0x000000070ea00000, 0x000000070ea00000, 0x000000070ec00000|  0%| F|  |TAMS 0x000000070ea00000| PB 0x000000070ea00000| Untracked 
|  77|0x000000070ec00000, 0x000000070ec00000, 0x000000070ee00000|  0%| F|  |TAMS 0x000000070ec00000| PB 0x000000070ec00000| Untracked 
|  78|0x000000070ee00000, 0x000000070ee00000, 0x000000070f000000|  0%| F|  |TAMS 0x000000070ee00000| PB 0x000000070ee00000| Untracked 
|  79|0x000000070f000000, 0x000000070f000000, 0x000000070f200000|  0%| F|  |TAMS 0x000000070f000000| PB 0x000000070f000000| Untracked 
|  80|0x000000070f200000, 0x000000070f200000, 0x000000070f400000|  0%| F|  |TAMS 0x000000070f200000| PB 0x000000070f200000| Untracked 
|  81|0x000000070f400000, 0x000000070f400000, 0x000000070f600000|  0%| F|  |TAMS 0x000000070f400000| PB 0x000000070f400000| Untracked 
|  82|0x000000070f600000, 0x000000070f600000, 0x000000070f800000|  0%| F|  |TAMS 0x000000070f600000| PB 0x000000070f600000| Untracked 
|  83|0x000000070f800000, 0x000000070f800000, 0x000000070fa00000|  0%| F|  |TAMS 0x000000070f800000| PB 0x000000070f800000| Untracked 
|  84|0x000000070fa00000, 0x000000070fa00000, 0x000000070fc00000|  0%| F|  |TAMS 0x000000070fa00000| PB 0x000000070fa00000| Untracked 
|  85|0x000000070fc00000, 0x000000070fc00000, 0x000000070fe00000|  0%| F|  |TAMS 0x000000070fc00000| PB 0x000000070fc00000| Untracked 
|  86|0x000000070fe00000, 0x000000070fe00000, 0x0000000710000000|  0%| F|  |TAMS 0x000000070fe00000| PB 0x000000070fe00000| Untracked 
|  87|0x0000000710000000, 0x0000000710000000, 0x0000000710200000|  0%| F|  |TAMS 0x0000000710000000| PB 0x0000000710000000| Untracked 
|  88|0x0000000710200000, 0x0000000710200000, 0x0000000710400000|  0%| F|  |TAMS 0x0000000710200000| PB 0x0000000710200000| Untracked 
|  89|0x0000000710400000, 0x0000000710400000, 0x0000000710600000|  0%| F|  |TAMS 0x0000000710400000| PB 0x0000000710400000| Untracked 
|  90|0x0000000710600000, 0x0000000710600000, 0x0000000710800000|  0%| F|  |TAMS 0x0000000710600000| PB 0x0000000710600000| Untracked 
|  91|0x0000000710800000, 0x0000000710800000, 0x0000000710a00000|  0%| F|  |TAMS 0x0000000710800000| PB 0x0000000710800000| Untracked 
|  92|0x0000000710a00000, 0x0000000710a00000, 0x0000000710c00000|  0%| F|  |TAMS 0x0000000710a00000| PB 0x0000000710a00000| Untracked 
|  93|0x0000000710c00000, 0x0000000710c00000, 0x0000000710e00000|  0%| F|  |TAMS 0x0000000710c00000| PB 0x0000000710c00000| Untracked 
|  94|0x0000000710e00000, 0x0000000710e00000, 0x0000000711000000|  0%| F|  |TAMS 0x0000000710e00000| PB 0x0000000710e00000| Untracked 
|  95|0x0000000711000000, 0x0000000711000000, 0x0000000711200000|  0%| F|  |TAMS 0x0000000711000000| PB 0x0000000711000000| Untracked 
|  96|0x0000000711200000, 0x0000000711200000, 0x0000000711400000|  0%| F|  |TAMS 0x0000000711200000| PB 0x0000000711200000| Untracked 
|  97|0x0000000711400000, 0x0000000711400000, 0x0000000711600000|  0%| F|  |TAMS 0x0000000711400000| PB 0x0000000711400000| Untracked 
|  98|0x0000000711600000, 0x0000000711600000, 0x0000000711800000|  0%| F|  |TAMS 0x0000000711600000| PB 0x0000000711600000| Untracked 
|  99|0x0000000711800000, 0x0000000711800000, 0x0000000711a00000|  0%| F|  |TAMS 0x0000000711800000| PB 0x0000000711800000| Untracked 
| 100|0x0000000711a00000, 0x0000000711a00000, 0x0000000711c00000|  0%| F|  |TAMS 0x0000000711a00000| PB 0x0000000711a00000| Untracked 
| 101|0x0000000711c00000, 0x0000000711c00000, 0x0000000711e00000|  0%| F|  |TAMS 0x0000000711c00000| PB 0x0000000711c00000| Untracked 
| 102|0x0000000711e00000, 0x0000000711e00000, 0x0000000712000000|  0%| F|  |TAMS 0x0000000711e00000| PB 0x0000000711e00000| Untracked 
| 103|0x0000000712000000, 0x0000000712000000, 0x0000000712200000|  0%| F|  |TAMS 0x0000000712000000| PB 0x0000000712000000| Untracked 
| 104|0x0000000712200000, 0x0000000712200000, 0x0000000712400000|  0%| F|  |TAMS 0x0000000712200000| PB 0x0000000712200000| Untracked 
| 105|0x0000000712400000, 0x0000000712400000, 0x0000000712600000|  0%| F|  |TAMS 0x0000000712400000| PB 0x0000000712400000| Untracked 
| 106|0x0000000712600000, 0x0000000712600000, 0x0000000712800000|  0%| F|  |TAMS 0x0000000712600000| PB 0x0000000712600000| Untracked 
| 107|0x0000000712800000, 0x0000000712800000, 0x0000000712a00000|  0%| F|  |TAMS 0x0000000712800000| PB 0x0000000712800000| Untracked 
| 108|0x0000000712a00000, 0x0000000712a00000, 0x0000000712c00000|  0%| F|  |TAMS 0x0000000712a00000| PB 0x0000000712a00000| Untracked 
| 109|0x0000000712c00000, 0x0000000712c00000, 0x0000000712e00000|  0%| F|  |TAMS 0x0000000712c00000| PB 0x0000000712c00000| Untracked 
| 110|0x0000000712e00000, 0x0000000712e00000, 0x0000000713000000|  0%| F|  |TAMS 0x0000000712e00000| PB 0x0000000712e00000| Untracked 
| 111|0x0000000713000000, 0x0000000713000000, 0x0000000713200000|  0%| F|  |TAMS 0x0000000713000000| PB 0x0000000713000000| Untracked 
| 112|0x0000000713200000, 0x0000000713200000, 0x0000000713400000|  0%| F|  |TAMS 0x0000000713200000| PB 0x0000000713200000| Untracked 
| 113|0x0000000713400000, 0x0000000713400000, 0x0000000713600000|  0%| F|  |TAMS 0x0000000713400000| PB 0x0000000713400000| Untracked 
| 114|0x0000000713600000, 0x0000000713600000, 0x0000000713800000|  0%| F|  |TAMS 0x0000000713600000| PB 0x0000000713600000| Untracked 
| 115|0x0000000713800000, 0x00000007139c3120, 0x0000000713a00000| 88%| E|  |TAMS 0x0000000713800000| PB 0x0000000713800000| Complete 
| 116|0x0000000713a00000, 0x0000000713c00000, 0x0000000713c00000|100%| E|CS|TAMS 0x0000000713a00000| PB 0x0000000713a00000| Complete 
| 117|0x0000000713c00000, 0x0000000713e00000, 0x0000000713e00000|100%| E|CS|TAMS 0x0000000713c00000| PB 0x0000000713c00000| Complete 
| 118|0x0000000713e00000, 0x0000000714000000, 0x0000000714000000|100%| E|CS|TAMS 0x0000000713e00000| PB 0x0000000713e00000| Complete 
| 119|0x0000000714000000, 0x0000000714200000, 0x0000000714200000|100%| E|CS|TAMS 0x0000000714000000| PB 0x0000000714000000| Complete 
| 120|0x0000000714200000, 0x0000000714400000, 0x0000000714400000|100%| E|CS|TAMS 0x0000000714200000| PB 0x0000000714200000| Complete 
| 121|0x0000000714400000, 0x0000000714600000, 0x0000000714600000|100%| E|CS|TAMS 0x0000000714400000| PB 0x0000000714400000| Complete 
| 122|0x0000000714600000, 0x0000000714800000, 0x0000000714800000|100%| E|CS|TAMS 0x0000000714600000| PB 0x0000000714600000| Complete 
| 123|0x0000000714800000, 0x0000000714a00000, 0x0000000714a00000|100%| E|CS|TAMS 0x0000000714800000| PB 0x0000000714800000| Complete 
| 124|0x0000000714a00000, 0x0000000714c00000, 0x0000000714c00000|100%| E|CS|TAMS 0x0000000714a00000| PB 0x0000000714a00000| Complete 
| 125|0x0000000714c00000, 0x0000000714e00000, 0x0000000714e00000|100%| E|CS|TAMS 0x0000000714c00000| PB 0x0000000714c00000| Complete 

Card table byte_map: [0x000001ff98fc0000,0x000001ff997a0000] _byte_map_base: 0x000001ff95797000

Marking Bits: (CMBitMap*) 0x000001ffffec4a50
 Bits: [0x000001ff997a0000, 0x000001ff9d658000)

Polling page: 0x000001fffff20000

Metaspace:

Usage:
  Non-class:      2.49 MB used.
      Class:    257.62 KB used.
       Both:      2.75 MB used.

Virtual space:
  Non-class space:       64.00 MB reserved,       2.56 MB (  4%) committed,  1 nodes.
      Class space:        1.00 GB reserved,     320.00 KB ( <1%) committed,  1 nodes.
             Both:        1.06 GB reserved,       2.88 MB ( <1%) committed. 

Chunk freelists:
   Non-Class:  11.88 MB
       Class:  15.70 MB
        Both:  27.58 MB

MaxMetaspaceSize: unlimited
CompressedClassSpaceSize: 1.00 GB
Initial GC threshold: 21.00 MB
Current GC threshold: 21.00 MB
CDS: on
 - commit_granule_bytes: 65536.
 - commit_granule_words: 8192.
 - virtual_space_node_default_size: 8388608.
 - enlarge_chunks_in_place: 1.
 - use_allocation_guard: 0.


Internal statistics:

num_allocs_failed_limit: 0.
num_arena_births: 90.
num_arena_deaths: 0.
num_vsnodes_births: 2.
num_vsnodes_deaths: 0.
num_space_committed: 46.
num_space_uncommitted: 0.
num_chunks_returned_to_freelist: 0.
num_chunks_taken_from_freelist: 107.
num_chunk_merges: 0.
num_chunk_splits: 69.
num_chunks_enlarged: 32.
num_inconsistent_stats: 0.

CodeHeap 'non-profiled nmethods': size=119168Kb used=147Kb max_used=147Kb free=119020Kb
 bounds [0x000001ff901b0000, 0x000001ff90420000, 0x000001ff97610000]
CodeHeap 'profiled nmethods': size=119104Kb used=716Kb max_used=716Kb free=118387Kb
 bounds [0x000001ff88610000, 0x000001ff88880000, 0x000001ff8fa60000]
CodeHeap 'non-nmethods': size=7488Kb used=1448Kb max_used=2019Kb free=6039Kb
 bounds [0x000001ff8fa60000, 0x000001ff8fcd0000, 0x000001ff901b0000]
 total_blobs=970 nmethods=486 adapters=389
 compilation: enabled
              stopped_count=0, restarted_count=0
 full_count=0

Compilation events (20 events):
Event: 15254.395 Thread 0x000001ffa094b710  477   !   3       java.util.concurrent.locks.AbstractQueuedSynchronizer::acquire (424 bytes)
Event: 15254.400 Thread 0x000001ffa094b710 nmethod 477 0x000001ff886bb390 code [0x000001ff886bb780, 0x000001ff886bd3b0]
Event: 15254.400 Thread 0x000001ffa094b710  478       3       java.util.concurrent.locks.ReentrantLock$NonfairSync::tryAcquire (27 bytes)
Event: 15254.400 Thread 0x000001ffa094b710 nmethod 478 0x000001ff886bde90 code [0x000001ff886be040, 0x000001ff886be2e0]
Event: 15314.401 Thread 0x000001ffa094b710  484       3       java.util.concurrent.locks.AbstractQueuedSynchronizer$ConditionObject::await (207 bytes)
Event: 15314.403 Thread 0x000001ffa094b710 nmethod 484 0x000001ff886be390 code [0x000001ff886be6a0, 0x000001ff886bf6a0]
Event: 15314.403 Thread 0x000001ffa094b710  479   !   3       jdk.internal.ref.PhantomCleanable::isListEmpty (34 bytes)
Event: 15314.403 Thread 0x000001ffa094b710 nmethod 479 0x000001ff886bfd10 code [0x000001ff886bfec0, 0x000001ff886c0138]
Event: 15314.404 Thread 0x000001ffa094b710  480       3       jdk.internal.misc.InnocuousThread::eraseThreadLocals (23 bytes)
Event: 15314.404 Thread 0x000001ffa094b710 nmethod 480 0x000001ff886c0290 code [0x000001ff886c0420, 0x000001ff886c0620]
Event: 15314.404 Thread 0x000001ffa094b710  481   !   3       java.lang.ref.ReferenceQueue::remove (61 bytes)
Event: 15314.405 Thread 0x000001ffa094b710 nmethod 481 0x000001ff886c0690 code [0x000001ff886c0920, 0x000001ff886c1530]
Event: 15314.405 Thread 0x000001ffa094b710  482       3       java.lang.ref.ReferenceQueue::remove0 (64 bytes)
Event: 15314.405 Thread 0x000001ffa094b710 nmethod 482 0x000001ff886c1910 code [0x000001ff886c1b00, 0x000001ff886c1fd0]
Event: 15314.405 Thread 0x000001ffa094b710  483       3       java.lang.ref.ReferenceQueue::await (15 bytes)
Event: 15314.406 Thread 0x000001ffa094b710 nmethod 483 0x000001ff886c2110 code [0x000001ff886c22c0, 0x000001ff886c2478]
Event: 19249.614 Thread 0x000001ffa094b710  485       3       java.util.concurrent.locks.AbstractQueuedSynchronizer::signalNext (34 bytes)
Event: 19249.615 Thread 0x000001ffa094b710 nmethod 485 0x000001ff886c2590 code [0x000001ff886c2780, 0x000001ff886c2c40]
Event: 19269.331 Thread 0x000001ffa094b710  486       3       sun.awt.AWTAutoShutdown::getInstance (4 bytes)
Event: 19269.348 Thread 0x000001ffa094b710 nmethod 486 0x000001ff886c2e10 code [0x000001ff886c2fa0, 0x000001ff886c3098]

GC Heap History (0 events):
No events

Dll operation events (7 events):
Event: 0.004 Loaded shared library C:\Program Files\BlueJ\jdk\bin\java.dll
Event: 0.026 Loaded shared library C:\Program Files\BlueJ\jdk\bin\jsvml.dll
Event: 0.451 Loaded shared library C:\Program Files\BlueJ\jdk\bin\net.dll
Event: 0.452 Loaded shared library C:\Program Files\BlueJ\jdk\bin\nio.dll
Event: 0.465 Loaded shared library C:\Program Files\BlueJ\jdk\bin\zip.dll
Event: 0.523 Loaded shared library C:\Program Files\BlueJ\jdk\bin\jimage.dll
Event: 0.526 Loaded shared library C:\Program Files\BlueJ\jdk\bin\awt.dll

Deoptimization events (6 events):
Event: 0.485 Thread 0x000001fffe2d21c0 Uncommon trap: trap_request=0xffffff45 fr.pc=0x000001ff901b8da0 relative=0x0000000000000980
Event: 0.485 Thread 0x000001fffe2d21c0 Uncommon trap: reason=unstable_if action=reinterpret pc=0x000001ff901b8da0 method=java.util.zip.ZipFile$Source.checkAndAddEntry(II)I @ 128 c2
Event: 0.485 Thread 0x000001fffe2d21c0 DEOPT PACKING pc=0x000001ff901b8da0 sp=0x000000f4450fa4f0
Event: 0.485 Thread 0x000001fffe2d21c0 DEOPT UNPACKING pc=0x000001ff8fab46a2 sp=0x000000f4450fa480 mode 2
Event: 677.515 Thread 0x000001ffe60cd700 DEOPT PACKING pc=0x000001ff8862edf3 sp=0x000000f446bff200
Event: 677.515 Thread 0x000001ffe60cd700 DEOPT UNPACKING pc=0x000001ff8fab4e42 sp=0x000000f446bfe620 mode 0

Classes loaded (20 events):
Event: 1777.947 Loading class java/awt/GraphicsConfiguration done
Event: 1777.947 Loading class sun/awt/Win32GraphicsConfig done
Event: 1777.947 Loading class java/awt/Rectangle
Event: 1777.947 Loading class java/awt/Shape
Event: 1777.947 Loading class java/awt/Shape done
Event: 1777.947 Loading class java/awt/geom/Rectangle2D
Event: 1777.947 Loading class java/awt/geom/RectangularShape
Event: 1777.947 Loading class java/awt/geom/RectangularShape done
Event: 1777.947 Loading class java/awt/geom/Rectangle2D done
Event: 1777.947 Loading class java/awt/Rectangle done
Event: 1777.947 Loading class java/util/WeakHashMap$KeyIterator
Event: 1777.947 Loading class java/util/WeakHashMap$HashIterator
Event: 1777.947 Loading class java/util/WeakHashMap$HashIterator done
Event: 1777.948 Loading class java/util/WeakHashMap$KeyIterator done
Event: 1779.637 Loading class sun/awt/AppContext$PostShutdownEventRunnable
Event: 1779.637 Loading class sun/awt/AppContext$PostShutdownEventRunnable done
Event: 1779.637 Loading class sun/awt/AWTAutoShutdown$1
Event: 1779.637 Loading class sun/awt/AWTAutoShutdown$1 done
Event: 6774.417 Loading class java/util/ArrayList$ListItr
Event: 6774.417 Loading class java/util/ArrayList$ListItr done

Classes unloaded (0 events):
No events

Classes redefined (0 events):
No events

Internal exceptions (3 events):
Event: 0.516 Thread 0x000001fffe2d21c0 Exception <a 'java/lang/ClassNotFoundException'{0x000000071481dc58}: sun/awt/resources/spi/awtProvider> (0x000000071481dc58) 
thrown [s\src\hotspot\share\classfile\systemDictionary.cpp, line 312]
Event: 0.533 Thread 0x000001fffe2d21c0 Exception <a 'java/io/FileNotFoundException'{0x0000000714880778}> (0x0000000714880778) 
thrown [s\src\hotspot\share\prims\jni.cpp, line 520]
Event: 0.538 Thread 0x000001fffe2d21c0 Exception <a 'java/io/FileNotFoundException'{0x00000007148aafe0}> (0x00000007148aafe0) 
thrown [s\src\hotspot\share\prims\jni.cpp, line 520]

ZGC Phase Switch (0 events):
No events

VM Operations (20 events):
Event: 8959.904 Executing VM operation: RendezvousGCThreads
Event: 8959.904 Executing VM operation: RendezvousGCThreads done
Event: 13348.644 Executing VM operation: HandshakeAllThreads (HandshakeForDeflation)
Event: 13348.644 Executing VM operation: HandshakeAllThreads (HandshakeForDeflation) done
Event: 13348.644 Executing VM operation: RendezvousGCThreads
Event: 13348.644 Executing VM operation: RendezvousGCThreads done
Event: 14061.021 Executing VM operation: Cleanup
Event: 14061.022 Executing VM operation: Cleanup done
Event: 14070.012 Executing VM operation: HandshakeAllThreads (HandshakeForDeflation)
Event: 14070.012 Executing VM operation: HandshakeAllThreads (HandshakeForDeflation) done
Event: 14070.012 Executing VM operation: RendezvousGCThreads
Event: 14070.012 Executing VM operation: RendezvousGCThreads done
Event: 14671.909 Executing VM operation: HandshakeAllThreads (HandshakeForDeflation)
Event: 14671.909 Executing VM operation: HandshakeAllThreads (HandshakeForDeflation) done
Event: 14671.909 Executing VM operation: RendezvousGCThreads
Event: 14671.909 Executing VM operation: RendezvousGCThreads done
Event: 17424.921 Executing VM operation: HandshakeAllThreads (HandshakeForDeflation)
Event: 17424.921 Executing VM operation: HandshakeAllThreads (HandshakeForDeflation) done
Event: 17424.921 Executing VM operation: RendezvousGCThreads
Event: 17424.921 Executing VM operation: RendezvousGCThreads done

Memory protections (0 events):
No events

Nmethod flushes (0 events):
No events

Events (20 events):
Event: 8038.574 Thread 0x000001ffe60b5200 Thread added: 0x000001ffa0c08890
Event: 8040.557 Thread 0x000001ffa0c08890 Thread exited: 0x000001ffa0c08890
Event: 8905.464 Thread 0x000001ffe60b5200 Thread added: 0x000001ffa0c08890
Event: 8906.462 Thread 0x000001ffa0c08890 Thread exited: 0x000001ffa0c08890
Event: 13335.267 Thread 0x000001ffe60b5200 Thread added: 0x000001ffa0c08890
Event: 13336.273 Thread 0x000001ffa0c08890 Thread exited: 0x000001ffa0c08890
Event: 14057.327 Thread 0x000001ffe60b5200 Thread added: 0x000001ffa0c08890
Event: 14058.341 Thread 0x000001ffa0c08890 Thread exited: 0x000001ffa0c08890
Event: 14058.505 Thread 0x000001ffe60b5200 Thread added: 0x000001ffa0c08890
Event: 14060.284 Thread 0x000001ffa0c08890 Thread exited: 0x000001ffa0c08890
Event: 14611.527 Thread 0x000001ffe60b5200 Thread added: 0x000001ffa0c08890
Event: 14612.525 Thread 0x000001ffa0c08890 Thread exited: 0x000001ffa0c08890
Event: 17415.851 Thread 0x000001ffe60b5200 Thread added: 0x000001ffe6014550
Event: 17416.863 Thread 0x000001ffe6014550 Thread exited: 0x000001ffe6014550
Event: 19265.098 Thread 0x000001ffe60b5200 Thread added: 0x000001ffe6014550
Event: 19266.101 Thread 0x000001ffe6014550 Thread exited: 0x000001ffe6014550
Event: 19269.347 Thread 0x000001ffe60b5200 Thread added: 0x000001ffe6014550
Event: 21305.769 Thread 0x000001ffe6014550 Thread exited: 0x000001ffe6014550
Event: 21341.484 Thread 0x000001ffe60b5200 Thread added: 0x000001ffe6014550
Event: 21341.643 Thread 0x000001ffe60b5200 Thread added: 0x000001ffe6014fd0


Dynamic libraries:
0x00007ff67b5a0000 - 0x00007ff67b5ae000 	C:\Program Files\BlueJ\jdk\bin\java.exe
0x00007ffd873f0000 - 0x00007ffd87607000 	C:\Windows\SYSTEM32\ntdll.dll
0x00007ffd86240000 - 0x00007ffd86304000 	C:\Windows\System32\KERNEL32.DLL
0x00007ffd84d30000 - 0x00007ffd850e7000 	C:\Windows\System32\KERNELBASE.dll
0x00007ffd84b90000 - 0x00007ffd84ca1000 	C:\Windows\System32\ucrtbase.dll
0x00007ffd78510000 - 0x00007ffd7852b000 	C:\Program Files\BlueJ\jdk\bin\VCRUNTIME140.dll
0x00007ffd784f0000 - 0x00007ffd78508000 	C:\Program Files\BlueJ\jdk\bin\jli.dll
0x00007ffd86310000 - 0x00007ffd864bf000 	C:\Windows\System32\USER32.dll
0x00007ffd84b60000 - 0x00007ffd84b86000 	C:\Windows\System32\win32u.dll
0x00007ffd6b3b0000 - 0x00007ffd6b643000 	C:\Windows\WinSxS\amd64_microsoft.windows.common-controls_6595b64144ccf1df_6.0.22621.3672_none_2713b9d173822955\COMCTL32.dll
0x00007ffd86f20000 - 0x00007ffd86f49000 	C:\Windows\System32\GDI32.dll
0x00007ffd852b0000 - 0x00007ffd85357000 	C:\Windows\System32\msvcrt.dll
0x00007ffd84700000 - 0x00007ffd84818000 	C:\Windows\System32\gdi32full.dll
0x00007ffd84890000 - 0x00007ffd8492a000 	C:\Windows\System32\msvcp_win.dll
0x00007ffd86950000 - 0x00007ffd86981000 	C:\Windows\System32\IMM32.DLL
0x00007ffd79fe0000 - 0x00007ffd79fec000 	C:\Program Files\BlueJ\jdk\bin\vcruntime140_1.dll
0x00007ffd6f090000 - 0x00007ffd6f11e000 	C:\Program Files\BlueJ\jdk\bin\msvcp140.dll
0x00007ffcf9aa0000 - 0x00007ffcfa828000 	C:\Program Files\BlueJ\jdk\bin\server\jvm.dll
0x00007ffd85f10000 - 0x00007ffd85fc2000 	C:\Windows\System32\ADVAPI32.dll
0x00007ffd85130000 - 0x00007ffd851d8000 	C:\Windows\System32\sechost.dll
0x00007ffd850f0000 - 0x00007ffd85118000 	C:\Windows\System32\bcrypt.dll
0x00007ffd86f70000 - 0x00007ffd87084000 	C:\Windows\System32\RPCRT4.dll
0x00007ffd85230000 - 0x00007ffd852a1000 	C:\Windows\System32\WS2_32.dll
0x00007ffd835b0000 - 0x00007ffd835fd000 	C:\Windows\SYSTEM32\POWRPROF.dll
0x00007ffd7f400000 - 0x00007ffd7f434000 	C:\Windows\SYSTEM32\WINMM.dll
0x00007ffd763d0000 - 0x00007ffd763da000 	C:\Windows\SYSTEM32\VERSION.dll
0x00007ffd83590000 - 0x00007ffd835a3000 	C:\Windows\SYSTEM32\UMPDC.dll
0x00007ffd837e0000 - 0x00007ffd837f8000 	C:\Windows\SYSTEM32\kernel.appcore.dll
0x00007ffd784e0000 - 0x00007ffd784ea000 	C:\Program Files\BlueJ\jdk\bin\jimage.dll
0x00007ffd81ff0000 - 0x00007ffd82222000 	C:\Windows\SYSTEM32\DBGHELP.DLL
0x00007ffd864c0000 - 0x00007ffd8684e000 	C:\Windows\System32\combase.dll
0x00007ffd85d30000 - 0x00007ffd85e07000 	C:\Windows\System32\OLEAUT32.dll
0x00007ffd7f440000 - 0x00007ffd7f472000 	C:\Windows\SYSTEM32\dbgcore.DLL
0x00007ffd84cb0000 - 0x00007ffd84d2b000 	C:\Windows\System32\bcryptPrimitives.dll
0x00007ffd63e10000 - 0x00007ffd63e4c000 	C:\Program Files\BlueJ\jdk\bin\jdwp.dll
0x00007ffd784c0000 - 0x00007ffd784df000 	C:\Program Files\BlueJ\jdk\bin\java.dll
0x00007ffd854c0000 - 0x00007ffd85d29000 	C:\Windows\System32\SHELL32.dll
0x00007ffd82640000 - 0x00007ffd82f3f000 	C:\Windows\SYSTEM32\windows.storage.dll
0x00007ffd82500000 - 0x00007ffd8263f000 	C:\Windows\SYSTEM32\wintypes.dll
0x00007ffd85e10000 - 0x00007ffd85f09000 	C:\Windows\System32\SHCORE.dll
0x00007ffd869a0000 - 0x00007ffd869fe000 	C:\Windows\System32\shlwapi.dll
0x00007ffd84630000 - 0x00007ffd84657000 	C:\Windows\SYSTEM32\profapi.dll
0x00007ffd63e50000 - 0x00007ffd63f27000 	C:\Program Files\BlueJ\jdk\bin\jsvml.dll
0x00007ffd6a510000 - 0x00007ffd6a51b000 	C:\Program Files\BlueJ\jdk\bin\dt_shmem.dll
0x00007ffd784b0000 - 0x00007ffd784c0000 	C:\Program Files\BlueJ\jdk\bin\net.dll
0x00007ffd7ae60000 - 0x00007ffd7af96000 	C:\Windows\SYSTEM32\WINHTTP.dll
0x00007ffd83cb0000 - 0x00007ffd83d19000 	C:\Windows\system32\mswsock.dll
0x00007ffd6f530000 - 0x00007ffd6f546000 	C:\Program Files\BlueJ\jdk\bin\nio.dll
0x00007ffd6f070000 - 0x00007ffd6f088000 	C:\Program Files\BlueJ\jdk\bin\zip.dll
0x00007ffd287e0000 - 0x00007ffd2896e000 	C:\Program Files\BlueJ\jdk\bin\awt.dll
0x00007ffd7e330000 - 0x00007ffd7e3c7000 	C:\Windows\SYSTEM32\apphelp.dll
0x00007ffd7e790000 - 0x00007ffd7e841000 	C:\Windows\system32\uxtheme.dll
0x00007ffd85360000 - 0x00007ffd854c0000 	C:\Windows\System32\MSCTF.dll
0x00007ffd87110000 - 0x00007ffd872b5000 	C:\Windows\System32\ole32.dll
0x00007ffd7e9d0000 - 0x00007ffd7e9fb000 	C:\Windows\system32\DWMAPI.DLL
0x00007ffd5ddf0000 - 0x00007ffd5def0000 	C:\Windows\system32\opengl32.dll
0x00007ffd5ac80000 - 0x00007ffd5acad000 	C:\Windows\SYSTEM32\GLU32.dll
0x00007ffd7e880000 - 0x00007ffd7e8b7000 	C:\Windows\SYSTEM32\dxcore.dll

dbghelp: loaded successfully - version: 4.0.5 - missing functions: none
symbol engine: initialized successfully - sym options: 0x614 - pdb path: .;C:\Program Files\BlueJ\jdk\bin;C:\Windows\SYSTEM32;C:\Windows\WinSxS\amd64_microsoft.windows.common-controls_6595b64144ccf1df_6.0.22621.3672_none_2713b9d173822955;C:\Program Files\BlueJ\jdk\bin\server

VM Arguments:
jvm_args: -ea -agentlib:jdwp=transport=dt_shmem,address=javadebug -Dfile.encoding=UTF-8 
java_command: bluej.runtime.ExecServer UTF-8
java_class_path (initial): C:\Program Files\BlueJ\lib\bluejcore.jar;C:\Program Files\BlueJ\lib\javafx-base-21.0.3-win.jar;C:\Program Files\BlueJ\lib\javafx-controls-21.0.3-win.jar;C:\Program Files\BlueJ\lib\javafx-fxml-21.0.3-win.jar;C:\Program Files\BlueJ\lib\javafx-graphics-21.0.3-win.jar;C:\Program Files\BlueJ\lib\javafx-media-21.0.3-win.jar;C:\Program Files\BlueJ\lib\javafx-swing-21.0.3-win.jar;C:\Program Files\BlueJ\lib\javafx-web-21.0.3-win.jar;C:\Program Files\BlueJ\lib\junit-4.12.jar;C:\Program Files\BlueJ\lib\junit-jupiter-5.5.2.jar;C:\Program Files\BlueJ\lib\junit-jupiter-api-5.5.2.jar;C:\Program Files\BlueJ\lib\junit-jupiter-engine-5.5.2.jar;C:\Program Files\BlueJ\lib\junit-jupiter-params-5.5.2.jar;C:\Program Files\BlueJ\lib\junit-platform-commons-1.5.2.jar;C:\Program Files\BlueJ\lib\junit-platform-engine-1.5.2.jar;C:\Program Files\BlueJ\lib\junit-platform-launcher-1.5.2.jar;C:\Program Files\BlueJ\lib\junit-platform-suite-api-1.5.2.jar;C:\Program Files\BlueJ\lib\junit-vintage-engine-5.5.2.jar;C:\Program Files\BlueJ\lib\hamcrest-core-1.3.jar;C:\Program Files\BlueJ\lib\opentest4j-1.2.0.jar;C:\Program Files\BlueJ\lib\lang-stride.jar;C:\Program Files\BlueJ\lib\javafx\javafx.base.jar;C:\Program Files\BlueJ\lib\javafx\javafx.controls.jar;C:\Program Files\BlueJ\lib\javafx\javafx.fxml.jar;C:\Program Files\BlueJ\lib\javafx\javafx.graphics.jar;C:\Program Files\BlueJ\lib\javafx\javafx.media.jar;C:\Program Files\BlueJ\lib\javafx\javafx.properties.jar;C:\Program Files\BlueJ\lib\javafx\javafx.swing.jar;C:\Program Files\BlueJ\lib\javafx\javafx.web.jar
Launcher Type: SUN_STANDARD

[Global flags]
     intx CICompilerCount                          = 12                                        {product} {ergonomic}
     uint ConcGCThreads                            = 4                                         {product} {ergonomic}
     uint G1ConcRefinementThreads                  = 15                                        {product} {ergonomic}
   size_t G1HeapRegionSize                         = 2097152                                   {product} {ergonomic}
    uintx GCDrainStackTargetSize                   = 64                                        {product} {ergonomic}
   size_t InitialHeapSize                          = 264241152                                 {product} {ergonomic}
   size_t MarkStackSize                            = 4194304                                   {product} {ergonomic}
   size_t MaxHeapSize                              = 4208984064                                {product} {ergonomic}
   size_t MaxNewSize                               = 2524971008                                {product} {ergonomic}
   size_t MinHeapDeltaBytes                        = 2097152                                   {product} {ergonomic}
   size_t MinHeapSize                              = 8388608                                   {product} {ergonomic}
    uintx NonNMethodCodeHeapSize                   = 7602480                                {pd product} {ergonomic}
    uintx NonProfiledCodeHeapSize                  = 122027880                              {pd product} {ergonomic}
    uintx ProfiledCodeHeapSize                     = 122027880                              {pd product} {ergonomic}
    uintx ReservedCodeCacheSize                    = 251658240                              {pd product} {ergonomic}
     bool SegmentedCodeCache                       = true                                      {product} {ergonomic}
   size_t SoftMaxHeapSize                          = 4208984064                             {manageable} {ergonomic}
     bool UseCompressedOops                        = true                           {product lp64_product} {ergonomic}
     bool UseG1GC                                  = true                                      {product} {ergonomic}
     bool UseLargePagesIndividualAllocation        = false                                  {pd product} {ergonomic}

Logging:
Log output configuration:
 #0: stdout all=warning uptime,level,tags foldmultilines=false
 #1: stderr all=off uptime,level,tags foldmultilines=false

Environment Variables:
PATH=C:\Program Files\Common Files\Oracle\Java\javapath;D:\Oculus\Support\oculus-runtime;C:\Program Files (x86)\Common Files\Oracle\Java\javapath;C:\Program Files\National Instruments\Shared\OpenVINO\;C:\Windows\system32;C:\Windows;C:\Windows\System32\Wbem;C:\Windows\System32\WindowsPowerShell\v1.0\;C:\Windows\System32\OpenSSH\;C:\Program Files\dotnet\;C:\Program Files\Git\cmd;C:\Program Files (x86)\IVI Foundation\VISA\WinNT\Bin\;C:\Program Files\IVI Foundation\VISA\Win64\Bin\;C:\Program Files (x86)\National Instruments\Shared\LabVIEW CLI;C:\Program Files (x86)\Windows Kits\10\Windows Performance Toolkit\;C:\Program Files\nodejs\;C:\Users\Ibrah\AppData\Local\Programs\Python\Launcher\;C:\Users\Ibrah\AppData\Local\Microsoft\WindowsApps;C:\Users\Ibrah\AppData\Local\Programs\Microsoft VS Code\bin;C:\Users\Ibrah\AppData\Local\GitHubDesktop\bin;C:\Users\Ibrah\AppData\Roaming\npm;C:\Program Files\Multipass\bin
USERNAME=Ibrah
OS=Windows_NT
PROCESSOR_IDENTIFIER=Intel64 Family 6 Model 186 Stepping 2, GenuineIntel
TMP=C:\Users\Ibrah\AppData\Local\Temp
TEMP=C:\Users\Ibrah\AppData\Local\Temp




Periodic native trim disabled

---------------  S Y S T E M  ---------------

OS:
 Windows 11 , 64 bit Build 22621 (10.0.22621.3958)
OS uptime: 0 days 8:39 hours
Hyper-V role detected

CPU: total 20 (initial active 20) (10 cores per cpu, 2 threads per core) family 6 model 186 stepping 2 microcode 0x4122, cx8, cmov, fxsr, ht, mmx, 3dnowpref, sse, sse2, sse3, ssse3, sse4.1, sse4.2, popcnt, lzcnt, tsc, tscinvbit, avx, avx2, aes, erms, clmul, bmi1, bmi2, adx, sha, fma, vzeroupper, clflush, clflushopt, clwb, hv, serialize, rdtscp, rdpid, fsrm, f16c, cet_ibt, cet_ss
Processor Information for processor 0
  Max Mhz: 2400, Current Mhz: 2400, Mhz Limit: 2400
Processor Information for processor 1
  Max Mhz: 2400, Current Mhz: 2400, Mhz Limit: 2400
Processor Information for processor 2
  Max Mhz: 2400, Current Mhz: 2400, Mhz Limit: 2400
Processor Information for processor 3
  Max Mhz: 2400, Current Mhz: 2400, Mhz Limit: 2400
Processor Information for processor 4
  Max Mhz: 2400, Current Mhz: 2400, Mhz Limit: 2400
Processor Information for processor 5
  Max Mhz: 2400, Current Mhz: 2400, Mhz Limit: 2400
Processor Information for processor 6
  Max Mhz: 2400, Current Mhz: 2400, Mhz Limit: 2400
Processor Information for processor 7
  Max Mhz: 2400, Current Mhz: 2400, Mhz Limit: 2400
Processor Information for processor 8
  Max Mhz: 2400, Current Mhz: 2400, Mhz Limit: 2400
Processor Information for processor 9
  Max Mhz: 2400, Current Mhz: 2400, Mhz Limit: 2400
Processor Information for processor 10
  Max Mhz: 2400, Current Mhz: 2400, Mhz Limit: 2400
Processor Information for processor 11
  Max Mhz: 2400, Current Mhz: 2400, Mhz Limit: 2400
Processor Information for processor 12
  Max Mhz: 2400, Current Mhz: 1800, Mhz Limit: 1800
Processor Information for processor 13
  Max Mhz: 2400, Current Mhz: 1800, Mhz Limit: 1800
Processor Information for processor 14
  Max Mhz: 2400, Current Mhz: 1800, Mhz Limit: 1800
Processor Information for processor 15
  Max Mhz: 2400, Current Mhz: 1800, Mhz Limit: 1800
Processor Information for processor 16
  Max Mhz: 2400, Current Mhz: 1800, Mhz Limit: 1800
Processor Information for processor 17
  Max Mhz: 2400, Current Mhz: 1800, Mhz Limit: 1800
Processor Information for processor 18
  Max Mhz: 2400, Current Mhz: 1800, Mhz Limit: 1800
Processor Information for processor 19
  Max Mhz: 2400, Current Mhz: 1800, Mhz Limit: 1800

Memory: 4k page, system-wide physical 16055M (2374M free)
TotalPageFile size 26303M (AvailPageFile size 4107M)
current process WorkingSet (physical memory assigned to process): 26M, peak: 48M
current process commit charge ("private bytes"): 356M, peak: 356M

vm_info: OpenJDK 64-Bit Server VM (21.0.4+7-LTS) for windows-amd64 JRE (21.0.4+7-LTS), built on 2024-07-16T00:00:00Z by "admin" with MS VC++ 17.7 (VS2022)

END.
